MQTT disconnected unexpectedly rc=7
Feature publish failed topic=rfid/reader-1/epc/E280699500004001FAD8C993/features-rolling err=publish rc=4
Feature publish failed topic=rfid/reader-1/epc/E280699500004001FAD8C995/features-rolling err=publish rc=4
Feature publish failed topic=rfid/reader-1/epc/E280699500005001FAD8C997/features-rolling err=publish rc=4
Feature publish failed topic=rfid/reader-1/epc/E280699500004001FAD8C993/features-rolling err=publish rc=4
Feature publish failed topic=rfid/reader-1/epc/E280699500004001FAD8C995/features-rolling err=publish rc=4
Feature publish failed topic=rfid/reader-1/epc/E280699500005001FAD8C997/features-rolling err=publish rc=4
Feature publish failed topic=rfid/reader-1/epc/E280699500004001FAD8C993/features-rolling err=publish rc=4
Feature publish failed topic=rfid/reader-1/epc/E280699500004001FAD8C995/features-rolling err=publish rc=4
Feature publish failed topic=rfid/reader-1/epc/E280699500005001FAD8C997/features-rolling err=publish rc=4
Feature publish failed topic=rfid/reader-1/epc/E280699500004001FAD8C993/features-rolling err=publish rc=4
Feature publish failed topic=rfid/reader-1/epc/E280699500004001FAD8C995/features-rolling err=publish rc=4
Feature publish failed topic=rfid/reader-1/epc/E280699500005001FAD8C997/features-rolling err=publish rc=4
MQTT disconnected unexpectedly rc=7
Feature publish failed topic=rfid/reader-1/epc/E280699500004001FAD8C993/features-rolling err=publish rc=4
Feature publish failed topic=rfid/reader-1/epc/E280699500004001FAD8C995/features-rolling err=publish rc=4
Feature publish failed topic=rfid/reader-1/epc/E280699500005001FAD8C997/features-rolling err=publish rc=4
Feature publish failed topic=rfid/reader-1/epc/E280699500004001FAD8C993/features-rolling err=publish rc=4
Feature publish failed topic=rfid/reader-1/epc/E280699500004001FAD8C995/features-rolling err=publish rc=4
Feature publish failed topic=rfid/reader-1/epc/E280699500005001FAD8C997/features-rolling err=publish rc=4
Feature publish failed topic=rfid/reader-1/epc/E280699500004001FAD8C993/features-rolling err=publish rc=4
Feature publish failed topic=rfid/reader-1/epc/E280699500004001FAD8C995/features-rolling err=publish rc=4
Feature publish failed topic=rfid/reader-1/epc/E280699500005001FAD8C997/features-rolling err=publish rc=4
Feature publish failed topic=rfid/reader-1/epc/E280699500004001FAD8C993/features-rolling err=publish rc=4
Feature publish failed topic=rfid/reader-1/epc/E280699500004001FAD8C995/features-rolling err=publish rc=4
Feature publish failed topic=rfid/reader-1/epc/E280699500005001FAD8C997/features-rolling err=publish rc=4
MQTT disconnected unexpectedly rc=7
Feature publish failed topic=rfid/reader-1/epc/E280699500004001FAD8C993/features-rolling err=publish rc=4
Feature publish failed topic=rfid/reader-1/epc/E280699500004001FAD8C995/features-rolling err=publish rc=4
Feature publish failed topic=rfid/reader-1/epc/E280699500005001FAD8C997/features-rolling err=publish rc=4
Feature publish failed topic=rfid/reader-1/epc/E280699500004001FAD8C993/features-rolling err=publish rc=4
Feature publish failed topic=rfid/reader-1/epc/E280699500004001FAD8C995/features-rolling err=publish rc=4
Feature publish failed topic=rfid/reader-1/epc/E280699500005001FAD8C997/features-rolling err=publish rc=4
Feature publish failed topic=rfid/reader-1/epc/E280699500004001FAD8C993/features-rolling err=publish rc=4
Feature publish failed topic=rfid/reader-1/epc/E280699500004001FAD8C995/features-rolling err=publish rc=4
Feature publish failed topic=rfid/reader-1/epc/E280699500005001FAD8C997/features-rolling err=publish rc=4
Feature publish failed topic=rfid/reader-1/epc/E280699500004001FAD8C993/features-rolling err=publish rc=4
Feature publish failed topic=rfid/reader-1/epc/E280699500004001FAD8C995/features-rolling err=publish rc=4
Feature publish failed topic=rfid/reader-1/epc/E280699500005001FAD8C997/features-rolling err=publish rc=4
MQTT disconnected unexpectedly rc=7
Feature publish failed topic=rfid/reader-1/epc/E280699500004001FAD8C993/features-rolling err=publish rc=4
Feature publish failed topic=rfid/reader-1/epc/E280699500004001FAD8C995/features-rolling err=publish rc=4
Feature publish failed topic=rfid/reader-1/epc/E280699500005001FAD8C997/features-rolling err=publish rc=4
Feature publish failed topic=rfid/reader-1/epc/E280699500004001FAD8C993/features-rolling err=publish rc=4
Feature publish failed topic=rfid/reader-1/epc/E280699500004001FAD8C995/features-rolling err=publish rc=4
Feature publish failed topic=rfid/reader-1/epc/E280699500005001FAD8C997/features-rolling err=publish rc=4
Feature publish failed topic=rfid/reader-1/epc/E280699500004001FAD8C993/features-rolling err=publish rc=4
Feature publish failed topic=rfid/reader-1/epc/E280699500004001FAD8C995/features-rolling err=publish rc=4
Feature publish failed topic=rfid/reader-1/epc/E280699500005001FAD8C997/features-rolling err=publish rc=4
Feature publish failed topic=rfid/reader-1/epc/E280699500004001FAD8C993/features-rolling err=publish rc=4
Feature publish failed topic=rfid/reader-1/epc/E280699500004001FAD8C995/features-rolling err=publish rc=4
Feature publish failed topic=rfid/reader-1/epc/E280699500005001FAD8C997/features-rolling err=publish rc=4
MQTT disconnected unexpectedly rc=7
Feature publish failed topic=rfid/reader-1/epc/E280699500004001FAD8C993/features-rolling err=publish rc=4
Feature publish failed topic=rfid/reader-1/epc/E280699500004001FAD8C995/features-rolling err=publish rc=4
Feature publish failed topic=rfid/reader-1/epc/E280699500005001FAD8C997/features-rolling err=publish rc=4
Feature publish failed topic=rfid/reader-1/epc/20251031A12025A100051172/features-rolling err=publish rc=4
Feature publish failed topic=rfid/reader-1/epc/E280699500004001FAD8C993/features-rolling err=publish rc=4
Feature publish failed topic=rfid/reader-1/epc/E280699500004001FAD8C995/features-rolling err=publish rc=4
Feature publish failed topic=rfid/reader-1/epc/E280699500005001FAD8C997/features-rolling err=publish rc=4
Feature publish failed topic=rfid/reader-1/epc/E280699500004001FAD8C993/features-rolling err=publish rc=4
Feature publish failed topic=rfid/reader-1/epc/E280699500004001FAD8C995/features-rolling err=publish rc=4
Feature publish failed topic=rfid/reader-1/epc/E280699500005001FAD8C997/features-rolling err=publish rc=4
Feature publish failed topic=rfid/reader-1/epc/E280699500004001FAD8C993/features-rolling err=publish rc=4
Feature publish failed topic=rfid/reader-1/epc/E280699500004001FAD8C995/features-rolling err=publish rc=4
Feature publish failed topic=rfid/reader-1/epc/E280699500005001FAD8C997/features-rolling err=publish rc=4
MQTT disconnected unexpectedly rc=7
Feature publish failed topic=rfid/reader-1/epc/E280699500004001FAD8C993/features-rolling err=publish rc=4
Feature publish failed topic=rfid/reader-1/epc/E280699500004001FAD8C995/features-rolling err=publish rc=4
Feature publish failed topic=rfid/reader-1/epc/E280699500005001FAD8C997/features-rolling err=publish rc=4
Feature publish failed topic=rfid/reader-1/epc/20251031A12025A100051172/features-rolling err=publish rc=4
Feature publish failed topic=rfid/reader-1/epc/30342D7994569B4000000014/features-rolling err=publish rc=4
Feature publish failed topic=rfid/reader-1/epc/E280699500004001FAD8C993/features-rolling err=publish rc=4
Feature publish failed topic=rfid/reader-1/epc/E280699500004001FAD8C995/features-rolling err=publish rc=4
Feature publish failed topic=rfid/reader-1/epc/E280699500005001FAD8C997/features-rolling err=publish rc=4
Feature publish failed topic=rfid/reader-1/epc/20251031A12025A100051172/features-rolling err=publish rc=4
Feature publish failed topic=rfid/reader-1/epc/30342D7994569B4000000014/features-rolling err=publish rc=4
Feature publish failed topic=rfid/reader-1/epc/E280699500004001FAD8C993/features-rolling err=publish rc=4
Feature publish failed topic=rfid/reader-1/epc/E280699500004001FAD8C995/features-rolling err=publish rc=4
Feature publish failed topic=rfid/reader-1/epc/E280699500005001FAD8C997/features-rolling err=publish rc=4
Feature publish failed topic=rfid/reader-1/epc/20251031A12025A100051172/features-rolling err=publish rc=4
Feature publish failed topic=rfid/reader-1/epc/30342D7994569B4000000014/features-rolling err=publish rc=4
Feature publish failed topic=rfid/reader-1/epc/E280699500004001FAD8C993/features-rolling err=publish rc=4
Feature publish failed topic=rfid/reader-1/epc/E280699500004001FAD8C995/features-rolling err=publish rc=4
Feature publish failed topic=rfid/reader-1/epc/E280699500005001FAD8C997/features-rolling err=publish rc=4
Feature publish failed topic=rfid/reader-1/epc/30342D7994569B4000000014/features-rolling err=publish rc=4
MQTT disconnected unexpectedly rc=7
Feature publish failed topic=rfid/reader-1/epc/E280699500004001FAD8C993/features-rolling err=publish rc=4
Feature publish failed topic=rfid/reader-1/epc/E280699500004001FAD8C995/features-rolling err=publish rc=4
Feature publish failed topic=rfid/reader-1/epc/E280699500005001FAD8C997/features-rolling err=publish rc=4
Feature publish failed topic=rfid/reader-1/epc/E280699500004001FAD8C993/features-rolling err=publish rc=4
Feature publish failed topic=rfid/reader-1/epc/E280699500004001FAD8C995/features-rolling err=publish rc=4
Feature publish failed topic=rfid/reader-1/epc/E280699500005001FAD8C997/features-rolling err=publish rc=4
Feature publish failed topic=rfid/reader-1/epc/E280699500004001FAD8C993/features-rolling err=publish rc=4
Feature publish failed topic=rfid/reader-1/epc/E280699500004001FAD8C995/features-rolling err=publish rc=4
Feature publish failed topic=rfid/reader-1/epc/E280699500005001FAD8C997/features-rolling err=publish rc=4
Feature publish failed topic=rfid/reader-1/epc/E280699500004001FAD8C993/features-rolling err=publish rc=4
Feature publish failed topic=rfid/reader-1/epc/E280699500004001FAD8C995/features-rolling err=publish rc=4
Feature publish failed topic=rfid/reader-1/epc/E280699500005001FAD8C997/features-rolling err=publish rc=4
MQTT disconnected unexpectedly rc=7
Feature publish failed topic=rfid/reader-1/epc/E280699500004001FAD8C993/features-rolling err=publish rc=4
Feature publish failed topic=rfid/reader-1/epc/E280699500004001FAD8C995/features-rolling err=publish rc=4
Feature publish failed topic=rfid/reader-1/epc/E280699500005001FAD8C997/features-rolling err=publish rc=4
Feature publish failed topic=rfid/reader-1/epc/E280699500004001FAD8C993/features-rolling err=publish rc=4
Feature publish failed topic=rfid/reader-1/epc/E280699500004001FAD8C995/features-rolling err=publish rc=4
Feature publish failed topic=rfid/reader-1/epc/E280699500005001FAD8C997/features-rolling err=publish rc=4
Feature publish failed topic=rfid/reader-1/epc/E280699500004001FAD8C993/features-rolling err=publish rc=4
Feature publish failed topic=rfid/reader-1/epc/E280699500004001FAD8C995/features-rolling err=publish rc=4
Feature publish failed topic=rfid/reader-1/epc/E280699500005001FAD8C997/features-rolling err=publish rc=4
Feature publish failed topic=rfid/reader-1/epc/E280699500004001FAD8C993/features-rolling err=publish rc=4
Feature publish failed topic=rfid/reader-1/epc/E280699500004001FAD8C995/features-rolling err=publish rc=4
Feature publish failed topic=rfid/reader-1/epc/E280699500005001FAD8C997/features-rolling err=publish rc=4
MQTT disconnected unexpectedly rc=7
Feature publish failed topic=rfid/reader-1/epc/E280699500004001FAD8C993/features-rolling err=publish rc=4
Feature publish failed topic=rfid/reader-1/epc/E280699500004001FAD8C995/features-rolling err=publish rc=4
Feature publish failed topic=rfid/reader-1/epc/E280699500005001FAD8C997/features-rolling err=publish rc=4
Feature publish failed topic=rfid/reader-1/epc/E280699500004001FAD8C993/features-rolling err=publish rc=4
Feature publish failed topic=rfid/reader-1/epc/E280699500004001FAD8C995/features-rolling err=publish rc=4
Feature publish failed topic=rfid/reader-1/epc/E280699500005001FAD8C997/features-rolling err=publish rc=4
Feature publish failed topic=rfid/reader-1/epc/E280699500004001FAD8C993/features-rolling err=publish rc=4
Feature publish failed topic=rfid/reader-1/epc/E280699500004001FAD8C995/features-rolling err=publish rc=4
Feature publish failed topic=rfid/reader-1/epc/E280699500005001FAD8C997/features-rolling err=publish rc=4
Feature publish failed topic=rfid/reader-1/epc/E280699500004001FAD8C993/features-rolling err=publish rc=4
Feature publish failed topic=rfid/reader-1/epc/E280699500004001FAD8C995/features-rolling err=publish rc=4
Feature publish failed topic=rfid/reader-1/epc/E280699500005001FAD8C997/features-rolling err=publish rc=4
MQTT disconnected unexpectedly rc=7
Feature publish failed topic=rfid/reader-1/epc/E280699500004001FAD8C993/features-rolling err=publish rc=4
Feature publish failed topic=rfid/reader-1/epc/E280699500004001FAD8C995/features-rolling err=publish rc=4
Feature publish failed topic=rfid/reader-1/epc/E280699500005001FAD8C997/features-rolling err=publish rc=4
Feature publish failed topic=rfid/reader-1/epc/E280699500004001FAD8C993/features-rolling err=publish rc=4
Feature publish failed topic=rfid/reader-1/epc/E280699500004001FAD8C995/features-rolling err=publish rc=4
Feature publish failed topic=rfid/reader-1/epc/E280699500005001FAD8C997/features-rolling err=publish rc=4
Feature publish failed topic=rfid/reader-1/epc/E280699500004001FAD8C993/features-rolling err=publish rc=4
Feature publish failed topic=rfid/reader-1/epc/E280699500004001FAD8C995/features-rolling err=publish rc=4
Feature publish failed topic=rfid/reader-1/epc/E280699500005001FAD8C997/features-rolling err=publish rc=4
Feature publish failed topic=rfid/reader-1/epc/E280699500004001FAD8C993/features-rolling err=publish rc=4
Feature publish failed topic=rfid/reader-1/epc/E280699500004001FAD8C995/features-rolling err=publish rc=4
Feature publish failed topic=rfid/reader-1/epc/E280699500005001FAD8C997/features-rolling err=publish rc=4
MQTT disconnected unexpectedly rc=7
Feature publish failed topic=rfid/reader-1/epc/E280699500004001FAD8C993/features-rolling err=publish rc=4
Feature publish failed topic=rfid/reader-1/epc/E280699500004001FAD8C995/features-rolling err=publish rc=4
Feature publish failed topic=rfid/reader-1/epc/E280699500005001FAD8C997/features-rolling err=publish rc=4
Feature publish failed topic=rfid/reader-1/epc/E280699500004001FAD8C993/features-rolling err=publish rc=4
Feature publish failed topic=rfid/reader-1/epc/E280699500004001FAD8C995/features-rolling err=publish rc=4
Feature publish failed topic=rfid/reader-1/epc/E280699500005001FAD8C997/features-rolling err=publish rc=4
Feature publish failed topic=rfid/reader-1/epc/E280699500004001FAD8C993/features-rolling err=publish rc=4
Feature publish failed topic=rfid/reader-1/epc/E280699500004001FAD8C995/features-rolling err=publish rc=4
Feature publish failed topic=rfid/reader-1/epc/E280699500005001FAD8C997/features-rolling err=publish rc=4
Feature publish failed topic=rfid/reader-1/epc/E280699500004001FAD8C993/features-rolling err=publish rc=4
Feature publish failed topic=rfid/reader-1/epc/E280699500004001FAD8C995/features-rolling err=publish rc=4
Feature publish failed topic=rfid/reader-1/epc/E280699500005001FAD8C997/features-rolling err=publish rc=4
MQTT disconnected unexpectedly rc=7
Feature publish failed topic=rfid/reader-1/epc/E280699500004001FAD8C993/features-rolling err=publish rc=4
Feature publish failed topic=rfid/reader-1/epc/E280699500004001FAD8C995/features-rolling err=publish rc=4
Feature publish failed topic=rfid/reader-1/epc/E280699500005001FAD8C997/features-rolling err=publish rc=4
Feature publish failed topic=rfid/reader-1/epc/E280699500004001FAD8C993/features-rolling err=publish rc=4
Feature publish failed topic=rfid/reader-1/epc/E280699500004001FAD8C995/features-rolling err=publish rc=4
Feature publish failed topic=rfid/reader-1/epc/E280699500005001FAD8C997/features-rolling err=publish rc=4
Feature publish failed topic=rfid/reader-1/epc/E280699500004001FAD8C993/features-rolling err=publish rc=4
Feature publish failed topic=rfid/reader-1/epc/E280699500004001FAD8C995/features-rolling err=publish rc=4
Feature publish failed topic=rfid/reader-1/epc/E280699500005001FAD8C997/features-rolling err=publish rc=4
Feature publish failed topic=rfid/reader-1/epc/E280699500004001FAD8C993/features-rolling err=publish rc=4
Feature publish failed topic=rfid/reader-1/epc/E280699500004001FAD8C995/features-rolling err=publish rc=4
Feature publish failed topic=rfid/reader-1/epc/E280699500005001FAD8C997/features-rolling err=publish rc=4
MQTT disconnected unexpectedly rc=7
Feature publish failed topic=rfid/reader-1/epc/E280699500004001FAD8C993/features-rolling err=publish rc=4
Feature publish failed topic=rfid/reader-1/epc/E280699500004001FAD8C995/features-rolling err=publish rc=4
Feature publish failed topic=rfid/reader-1/epc/E280699500005001FAD8C997/features-rolling err=publish rc=4
Feature publish failed topic=rfid/reader-1/epc/E280699500004001FAD8C993/features-rolling err=publish rc=4
Feature publish failed topic=rfid/reader-1/epc/E280699500004001FAD8C995/features-rolling err=publish rc=4
Feature publish failed topic=rfid/reader-1/epc/E280699500005001FAD8C997/features-rolling err=publish rc=4
Feature publish failed topic=rfid/reader-1/epc/E280699500004001FAD8C993/features-rolling err=publish rc=4
Feature publish failed topic=rfid/reader-1/epc/E280699500004001FAD8C995/features-rolling err=publish rc=4
Feature publish failed topic=rfid/reader-1/epc/E280699500005001FAD8C997/features-rolling err=publish rc=4
Feature publish failed topic=rfid/reader-1/epc/E280699500004001FAD8C993/features-rolling err=publish rc=4
Feature publish failed topic=rfid/reader-1/epc/E280699500004001FAD8C995/features-rolling err=publish rc=4
Feature publish failed topic=rfid/reader-1/epc/E280699500005001FAD8C997/features-rolling err=publish rc=4
MQTT disconnected unexpectedly rc=7
Feature publish failed topic=rfid/reader-1/epc/E280699500004001FAD8C993/features-rolling err=publish rc=4
Feature publish failed topic=rfid/reader-1/epc/E280699500004001FAD8C995/features-rolling err=publish rc=4
Feature publish failed topic=rfid/reader-1/epc/E280699500005001FAD8C997/features-rolling err=publish rc=4
Feature publish failed topic=rfid/reader-1/epc/E280699500004001FAD8C993/features-rolling err=publish rc=4
Feature publish failed topic=rfid/reader-1/epc/E280699500004001FAD8C995/features-rolling err=publish rc=4
Feature publish failed topic=rfid/reader-1/epc/E280699500005001FAD8C997/features-rolling err=publish rc=4
Feature publish failed topic=rfid/reader-1/epc/E280699500004001FAD8C993/features-rolling err=publish rc=4
Feature publish failed topic=rfid/reader-1/epc/E280699500004001FAD8C995/features-rolling err=publish rc=4
Feature publish failed topic=rfid/reader-1/epc/E280699500005001FAD8C997/features-rolling err=publish rc=4
Feature publish failed topic=rfid/reader-1/epc/E280699500004001FAD8C993/features-rolling err=publish rc=4
Feature publish failed topic=rfid/reader-1/epc/E280699500004001FAD8C995/features-rolling err=publish rc=4
Feature publish failed topic=rfid/reader-1/epc/E280699500005001FAD8C997/features-rolling err=publish rc=4
MQTT disconnected unexpectedly rc=7
Feature publish failed topic=rfid/reader-1/epc/E280699500004001FAD8C993/features-rolling err=publish rc=4
Feature publish failed topic=rfid/reader-1/epc/E280699500004001FAD8C995/features-rolling err=publish rc=4
Feature publish failed topic=rfid/reader-1/epc/E280699500005001FAD8C997/features-rolling err=publish rc=4
Feature publish failed topic=rfid/reader-1/epc/E280699500004001FAD8C993/features-rolling err=publish rc=4
Feature publish failed topic=rfid/reader-1/epc/E280699500004001FAD8C995/features-rolling err=publish rc=4
Feature publish failed topic=rfid/reader-1/epc/E280699500005001FAD8C997/features-rolling err=publish rc=4
Feature publish failed topic=rfid/reader-1/epc/E280699500004001FAD8C993/features-rolling err=publish rc=4
Feature publish failed topic=rfid/reader-1/epc/E280699500004001FAD8C995/features-rolling err=publish rc=4
Feature publish failed topic=rfid/reader-1/epc/E280699500005001FAD8C997/features-rolling err=publish rc=4
Feature publish failed topic=rfid/reader-1/epc/E280699500004001FAD8C993/features-rolling err=publish rc=4
Feature publish failed topic=rfid/reader-1/epc/E280699500004001FAD8C995/features-rolling err=publish rc=4
Feature publish failed topic=rfid/reader-1/epc/E280699500005001FAD8C997/features-rolling err=publish rc=4
MQTT disconnected unexpectedly rc=7
Feature publish failed topic=rfid/reader-1/epc/E280699500004001FAD8C993/features-rolling err=publish rc=4
Feature publish failed topic=rfid/reader-1/epc/E280699500004001FAD8C995/features-rolling err=publish rc=4
Feature publish failed topic=rfid/reader-1/epc/E280699500005001FAD8C997/features-rolling err=publish rc=4
Feature publish failed topic=rfid/reader-1/epc/E280699500004001FAD8C993/features-rolling err=publish rc=4
Feature publish failed topic=rfid/reader-1/epc/E280699500004001FAD8C995/features-rolling err=publish rc=4
Feature publish failed topic=rfid/reader-1/epc/E280699500005001FAD8C997/features-rolling err=publish rc=4
Feature publish failed topic=rfid/reader-1/epc/E280699500004001FAD8C993/features-rolling err=publish rc=4
Feature publish failed topic=rfid/reader-1/epc/E280699500004001FAD8C995/features-rolling err=publish rc=4
Feature publish failed topic=rfid/reader-1/epc/E280699500005001FAD8C997/features-rolling err=publish rc=4
Feature publish failed topic=rfid/reader-1/epc/E280699500004001FAD8C993/features-rolling err=publish rc=4
Feature publish failed topic=rfid/reader-1/epc/E280699500004001FAD8C995/features-rolling err=publish rc=4
Feature publish failed topic=rfid/reader-1/epc/E280699500005001FAD8C997/features-rolling err=publish rc=4
MQTT disconnected unexpectedly rc=7
Feature publish failed topic=rfid/reader-1/epc/E280699500004001FAD8C993/features-rolling err=publish rc=4
Feature publish failed topic=rfid/reader-1/epc/E280699500004001FAD8C995/features-rolling err=publish rc=4
Feature publish failed topic=rfid/reader-1/epc/E280699500005001FAD8C997/features-rolling err=publish rc=4
Feature publish failed topic=rfid/reader-1/epc/20251031A12025A100051172/features-rolling err=publish rc=4
Feature publish failed topic=rfid/reader-1/epc/E280699500004001FAD8C993/features-rolling err=publish rc=4
Feature publish failed topic=rfid/reader-1/epc/E280699500004001FAD8C995/features-rolling err=publish rc=4
Feature publish failed topic=rfid/reader-1/epc/E280699500005001FAD8C997/features-rolling err=publish rc=4
Feature publish failed topic=rfid/reader-1/epc/20251031A12025A100051172/features-rolling err=publish rc=4
Feature publish failed topic=rfid/reader-1/epc/E280699500004001FAD8C993/features-rolling err=publish rc=4
Feature publish failed topic=rfid/reader-1/epc/E280699500004001FAD8C995/features-rolling err=publish rc=4
Feature publish failed topic=rfid/reader-1/epc/E280699500005001FAD8C997/features-rolling err=publish rc=4
Feature publish failed topic=rfid/reader-1/epc/20251031A12025A100051172/features-rolling err=publish rc=4
Feature publish failed topic=rfid/reader-1/epc/E280699500004001FAD8C993/features-rolling err=publish rc=4
Feature publish failed topic=rfid/reader-1/epc/E280699500004001FAD8C995/features-rolling err=publish rc=4
Feature publish failed topic=rfid/reader-1/epc/E280699500005001FAD8C997/features-rolling err=publish rc=4
Feature publish failed topic=rfid/reader-1/epc/20251031A12025A100051172/features-rolling err=publish rc=4
MQTT disconnected unexpectedly rc=7
Feature publish failed topic=rfid/reader-1/epc/E280699500004001FAD8C993/features-rolling err=publish rc=4
Feature publish failed topic=rfid/reader-1/epc/E280699500004001FAD8C995/features-rolling err=publish rc=4
Feature publish failed topic=rfid/reader-1/epc/E280699500005001FAD8C997/features-rolling err=publish rc=4
Feature publish failed topic=rfid/reader-1/epc/E280699500004001FAD8C993/features-rolling err=publish rc=4
Feature publish failed topic=rfid/reader-1/epc/E280699500004001FAD8C995/features-rolling err=publish rc=4
Feature publish failed topic=rfid/reader-1/epc/E280699500005001FAD8C997/features-rolling err=publish rc=4
Feature publish failed topic=rfid/reader-1/epc/E280699500004001FAD8C993/features-rolling err=publish rc=4
Feature publish failed topic=rfid/reader-1/epc/E280699500004001FAD8C995/features-rolling err=publish rc=4
Feature publish failed topic=rfid/reader-1/epc/E280699500005001FAD8C997/features-rolling err=publish rc=4
Feature publish failed topic=rfid/reader-1/epc/E280699500004001FAD8C993/features-rolling err=publish rc=4
Feature publish failed topic=rfid/reader-1/epc/E280699500004001FAD8C995/features-rolling err=publish rc=4
Feature publish failed topic=rfid/reader-1/epc/E280699500005001FAD8C997/features-rolling err=publish rc=4
MQTT disconnected unexpectedly rc=7
Feature publish failed topic=rfid/reader-1/epc/E280699500004001FAD8C993/features-rolling err=publish rc=4
Feature publish failed topic=rfid/reader-1/epc/E280699500004001FAD8C995/features-rolling err=publish rc=4
Feature publish failed topic=rfid/reader-1/epc/E280699500005001FAD8C997/features-rolling err=publish rc=4
Feature publish failed topic=rfid/reader-1/epc/20251031A12025A100051172/features-rolling err=publish rc=4
Feature publish failed topic=rfid/reader-1/epc/E280699500004001FAD8C993/features-rolling err=publish rc=4
Feature publish failed topic=rfid/reader-1/epc/E280699500004001FAD8C995/features-rolling err=publish rc=4
Feature publish failed topic=rfid/reader-1/epc/E280699500005001FAD8C997/features-rolling err=publish rc=4
Feature publish failed topic=rfid/reader-1/epc/20251031A12025A100051172/features-rolling err=publish rc=4
Feature publish failed topic=rfid/reader-1/epc/E280699500004001FAD8C993/features-rolling err=publish rc=4
Feature publish failed topic=rfid/reader-1/epc/E280699500004001FAD8C995/features-rolling err=publish rc=4
Feature publish failed topic=rfid/reader-1/epc/E280699500005001FAD8C997/features-rolling err=publish rc=4
Feature publish failed topic=rfid/reader-1/epc/20251031A12025A100051172/features-rolling err=publish rc=4
Feature publish failed topic=rfid/reader-1/epc/E280699500004001FAD8C993/features-rolling err=publish rc=4
Feature publish failed topic=rfid/reader-1/epc/E280699500004001FAD8C995/features-rolling err=publish rc=4
Feature publish failed topic=rfid/reader-1/epc/E280699500005001FAD8C997/features-rolling err=publish rc=4
Feature publish failed topic=rfid/reader-1/epc/20251031A12025A100051172/features-rolling err=publish rc=4
MQTT disconnected unexpectedly rc=7
Feature publish failed topic=rfid/reader-1/epc/E280699500004001FAD8C993/features-rolling err=publish rc=4
Feature publish failed topic=rfid/reader-1/epc/E280699500004001FAD8C995/features-rolling err=publish rc=4
Feature publish failed topic=rfid/reader-1/epc/E280699500005001FAD8C997/features-rolling err=publish rc=4
Feature publish failed topic=rfid/reader-1/epc/E280699500004001FAD8C993/features-rolling err=publish rc=4
Feature publish failed topic=rfid/reader-1/epc/E280699500004001FAD8C995/features-rolling err=publish rc=4
Feature publish failed topic=rfid/reader-1/epc/E280699500005001FAD8C997/features-rolling err=publish rc=4
Feature publish failed topic=rfid/reader-1/epc/E280699500004001FAD8C993/features-rolling err=publish rc=4
Feature publish failed topic=rfid/reader-1/epc/E280699500004001FAD8C995/features-rolling err=publish rc=4
Feature publish failed topic=rfid/reader-1/epc/E280699500005001FAD8C997/features-rolling err=publish rc=4
Feature publish failed topic=rfid/reader-1/epc/E280699500004001FAD8C993/features-rolling err=publish rc=4
Feature publish failed topic=rfid/reader-1/epc/E280699500004001FAD8C995/features-rolling err=publish rc=4
Feature publish failed topic=rfid/reader-1/epc/E280699500005001FAD8C997/features-rolling err=publish rc=4
MQTT disconnected unexpectedly rc=7
Feature publish failed topic=rfid/reader-1/epc/E280699500004001FAD8C993/features-rolling err=publish rc=4
Feature publish failed topic=rfid/reader-1/epc/E280699500004001FAD8C995/features-rolling err=publish rc=4
Feature publish failed topic=rfid/reader-1/epc/E280699500005001FAD8C997/features-rolling err=publish rc=4
Feature publish failed topic=rfid/reader-1/epc/E280699500004001FAD8C993/features-rolling err=publish rc=4
Feature publish failed topic=rfid/reader-1/epc/E280699500004001FAD8C995/features-rolling err=publish rc=4
Feature publish failed topic=rfid/reader-1/epc/E280699500005001FAD8C997/features-rolling err=publish rc=4
Feature publish failed topic=rfid/reader-1/epc/E280699500004001FAD8C993/features-rolling err=publish rc=4
Feature publish failed topic=rfid/reader-1/epc/E280699500004001FAD8C995/features-rolling err=publish rc=4
Feature publish failed topic=rfid/reader-1/epc/E280699500005001FAD8C997/features-rolling err=publish rc=4
Feature publish failed topic=rfid/reader-1/epc/E280699500004001FAD8C993/features-rolling err=publish rc=4
Feature publish failed topic=rfid/reader-1/epc/E280699500004001FAD8C995/features-rolling err=publish rc=4
Feature publish failed topic=rfid/reader-1/epc/E280699500005001FAD8C997/features-rolling err=publish rc=4
MQTT disconnected unexpectedly rc=7
Feature publish failed topic=rfid/reader-1/epc/E280699500004001FAD8C993/features-rolling err=publish rc=4
Feature publish failed topic=rfid/reader-1/epc/E280699500004001FAD8C995/features-rolling err=publish rc=4
Feature publish failed topic=rfid/reader-1/epc/E280699500005001FAD8C997/features-rolling err=publish rc=4
Feature publish failed topic=rfid/reader-1/epc/E280699500004001FAD8C993/features-rolling err=publish rc=4
Feature publish failed topic=rfid/reader-1/epc/E280699500004001FAD8C995/features-rolling err=publish rc=4
Feature publish failed topic=rfid/reader-1/epc/E280699500005001FAD8C997/features-rolling err=publish rc=4
Feature publish failed topic=rfid/reader-1/epc/E280699500004001FAD8C993/features-rolling err=publish rc=4
Feature publish failed topic=rfid/reader-1/epc/E280699500004001FAD8C995/features-rolling err=publish rc=4
Feature publish failed topic=rfid/reader-1/epc/E280699500005001FAD8C997/features-rolling err=publish rc=4
Feature publish failed topic=rfid/reader-1/epc/E280699500004001FAD8C993/features-rolling err=publish rc=4
Feature publish failed topic=rfid/reader-1/epc/E280699500004001FAD8C995/features-rolling err=publish rc=4
Feature publish failed topic=rfid/reader-1/epc/E280699500005001FAD8C997/features-rolling err=publish rc=4
MQTT disconnected unexpectedly rc=7
Feature publish failed topic=rfid/reader-1/epc/E280699500004001FAD8C993/features-rolling err=publish rc=4
Feature publish failed topic=rfid/reader-1/epc/E280699500004001FAD8C995/features-rolling err=publish rc=4
Feature publish failed topic=rfid/reader-1/epc/E280699500005001FAD8C997/features-rolling err=publish rc=4
Feature publish failed topic=rfid/reader-1/epc/E280699500004001FAD8C993/features-rolling err=publish rc=4
Feature publish failed topic=rfid/reader-1/epc/E280699500004001FAD8C995/features-rolling err=publish rc=4
Feature publish failed topic=rfid/reader-1/epc/E280699500005001FAD8C997/features-rolling err=publish rc=4
Feature publish failed topic=rfid/reader-1/epc/E280699500004001FAD8C993/features-rolling err=publish rc=4
Feature publish failed topic=rfid/reader-1/epc/E280699500004001FAD8C995/features-rolling err=publish rc=4
Feature publish failed topic=rfid/reader-1/epc/E280699500005001FAD8C997/features-rolling err=publish rc=4
Feature publish failed topic=rfid/reader-1/epc/E280699500004001FAD8C993/features-rolling err=publish rc=4
Feature publish failed topic=rfid/reader-1/epc/E280699500004001FAD8C995/features-rolling err=publish rc=4
Feature publish failed topic=rfid/reader-1/epc/E280699500005001FAD8C997/features-rolling err=publish rc=4
MQTT disconnected unexpectedly rc=7
Feature publish failed topic=rfid/reader-1/epc/E280699500004001FAD8C993/features-rolling err=publish rc=4
Feature publish failed topic=rfid/reader-1/epc/E280699500004001FAD8C995/features-rolling err=publish rc=4
Feature publish failed topic=rfid/reader-1/epc/E280699500005001FAD8C997/features-rolling err=publish rc=4
Feature publish failed topic=rfid/reader-1/epc/E280699500004001FAD8C993/features-rolling err=publish rc=4
Feature publish failed topic=rfid/reader-1/epc/E280699500004001FAD8C995/features-rolling err=publish rc=4
Feature publish failed topic=rfid/reader-1/epc/E280699500005001FAD8C997/features-rolling err=publish rc=4
Feature publish failed topic=rfid/reader-1/epc/E280699500004001FAD8C993/features-rolling err=publish rc=4
Feature publish failed topic=rfid/reader-1/epc/E280699500004001FAD8C995/features-rolling err=publish rc=4
Feature publish failed topic=rfid/reader-1/epc/E280699500005001FAD8C997/features-rolling err=publish rc=4
Feature publish failed topic=rfid/reader-1/epc/E280699500004001FAD8C993/features-rolling err=publish rc=4
Feature publish failed topic=rfid/reader-1/epc/E280699500004001FAD8C995/features-rolling err=publish rc=4
Feature publish failed topic=rfid/reader-1/epc/E280699500005001FAD8C997/features-rolling err=publish rc=4
MQTT disconnected unexpectedly rc=7
Feature publish failed topic=rfid/reader-1/epc/E280699500004001FAD8C993/features-rolling err=publish rc=4
Feature publish failed topic=rfid/reader-1/epc/E280699500004001FAD8C995/features-rolling err=publish rc=4
Feature publish failed topic=rfid/reader-1/epc/E280699500005001FAD8C997/features-rolling err=publish rc=4
Feature publish failed topic=rfid/reader-1/epc/E280699500004001FAD8C993/features-rolling err=publish rc=4
Feature publish failed topic=rfid/reader-1/epc/E280699500004001FAD8C995/features-rolling err=publish rc=4
Feature publish failed topic=rfid/reader-1/epc/E280699500005001FAD8C997/features-rolling err=publish rc=4
Feature publish failed topic=rfid/reader-1/epc/E280699500004001FAD8C993/features-rolling err=publish rc=4
Feature publish failed topic=rfid/reader-1/epc/E280699500004001FAD8C995/features-rolling err=publish rc=4
Feature publish failed topic=rfid/reader-1/epc/E280699500005001FAD8C997/features-rolling err=publish rc=4
Feature publish failed topic=rfid/reader-1/epc/E280699500004001FAD8C993/features-rolling err=publish rc=4
Feature publish failed topic=rfid/reader-1/epc/E280699500004001FAD8C995/features-rolling err=publish rc=4
Feature publish failed topic=rfid/reader-1/epc/E280699500005001FAD8C997/features-rolling err=publish rc=4
MQTT disconnected unexpectedly rc=7
Feature publish failed topic=rfid/reader-1/epc/E280699500004001FAD8C993/features-rolling err=publish rc=4
Feature publish failed topic=rfid/reader-1/epc/E280699500004001FAD8C995/features-rolling err=publish rc=4
Feature publish failed topic=rfid/reader-1/epc/E280699500005001FAD8C997/features-rolling err=publish rc=4
Feature publish failed topic=rfid/reader-1/epc/E280699500004001FAD8C993/features-rolling err=publish rc=4
Feature publish failed topic=rfid/reader-1/epc/E280699500004001FAD8C995/features-rolling err=publish rc=4
Feature publish failed topic=rfid/reader-1/epc/E280699500005001FAD8C997/features-rolling err=publish rc=4
Feature publish failed topic=rfid/reader-1/epc/E280699500004001FAD8C993/features-rolling err=publish rc=4
Feature publish failed topic=rfid/reader-1/epc/E280699500004001FAD8C995/features-rolling err=publish rc=4
Feature publish failed topic=rfid/reader-1/epc/E280699500005001FAD8C997/features-rolling err=publish rc=4
Feature publish failed topic=rfid/reader-1/epc/E280699500004001FAD8C993/features-rolling err=publish rc=4
Feature publish failed topic=rfid/reader-1/epc/E280699500004001FAD8C995/features-rolling err=publish rc=4
Feature publish failed topic=rfid/reader-1/epc/E280699500005001FAD8C997/features-rolling err=publish rc=4
MQTT disconnected unexpectedly rc=7
Feature publish failed topic=rfid/reader-1/epc/E280699500004001FAD8C993/features-rolling err=publish rc=4
Feature publish failed topic=rfid/reader-1/epc/E280699500004001FAD8C995/features-rolling err=publish rc=4
Feature publish failed topic=rfid/reader-1/epc/E280699500005001FAD8C997/features-rolling err=publish rc=4
Feature publish failed topic=rfid/reader-1/epc/30342D7994569B4000000014/features-rolling err=publish rc=4
Feature publish failed topic=rfid/reader-1/epc/E280699500004001FAD8C993/features-rolling err=publish rc=4
Feature publish failed topic=rfid/reader-1/epc/E280699500004001FAD8C995/features-rolling err=publish rc=4
Feature publish failed topic=rfid/reader-1/epc/E280699500005001FAD8C997/features-rolling err=publish rc=4
Feature publish failed topic=rfid/reader-1/epc/30342D7994569B4000000014/features-rolling err=publish rc=4
Feature publish failed topic=rfid/reader-1/epc/E280699500004001FAD8C993/features-rolling err=publish rc=4
Feature publish failed topic=rfid/reader-1/epc/E280699500004001FAD8C995/features-rolling err=publish rc=4
Feature publish failed topic=rfid/reader-1/epc/E280699500005001FAD8C997/features-rolling err=publish rc=4
Feature publish failed topic=rfid/reader-1/epc/30342D7994569B4000000014/features-rolling err=publish rc=4
Feature publish failed topic=rfid/reader-1/epc/E280699500004001FAD8C993/features-rolling err=publish rc=4
MQTT disconnected unexpectedly rc=7
Feature publish failed topic=rfid/reader-1/epc/E280699500004001FAD8C993/features-rolling err=publish rc=4
Feature publish failed topic=rfid/reader-1/epc/E280699500004001FAD8C995/features-rolling err=publish rc=4
Feature publish failed topic=rfid/reader-1/epc/E280699500005001FAD8C997/features-rolling err=publish rc=4
Feature publish failed topic=rfid/reader-1/epc/E280699500004001FAD8C993/features-rolling err=publish rc=4
Feature publish failed topic=rfid/reader-1/epc/E280699500004001FAD8C995/features-rolling err=publish rc=4
Feature publish failed topic=rfid/reader-1/epc/E280699500005001FAD8C997/features-rolling err=publish rc=4
Feature publish failed topic=rfid/reader-1/epc/E280699500004001FAD8C993/features-rolling err=publish rc=4
Feature publish failed topic=rfid/reader-1/epc/E280699500004001FAD8C995/features-rolling err=publish rc=4
Feature publish failed topic=rfid/reader-1/epc/E280699500005001FAD8C997/features-rolling err=publish rc=4
Feature publish failed topic=rfid/reader-1/epc/E280699500004001FAD8C993/features-rolling err=publish rc=4
Feature publish failed topic=rfid/reader-1/epc/E280699500004001FAD8C995/features-rolling err=publish rc=4
Feature publish failed topic=rfid/reader-1/epc/E280699500005001FAD8C997/features-rolling err=publish rc=4
MQTT disconnected unexpectedly rc=7
Feature publish failed topic=rfid/reader-1/epc/E280699500004001FAD8C993/features-rolling err=publish rc=4
Feature publish failed topic=rfid/reader-1/epc/E280699500004001FAD8C995/features-rolling err=publish rc=4
Feature publish failed topic=rfid/reader-1/epc/E280699500005001FAD8C997/features-rolling err=publish rc=4
Feature publish failed topic=rfid/reader-1/epc/E280699500004001FAD8C993/features-rolling err=publish rc=4
Feature publish failed topic=rfid/reader-1/epc/E280699500004001FAD8C995/features-rolling err=publish rc=4
Feature publish failed topic=rfid/reader-1/epc/E280699500005001FAD8C997/features-rolling err=publish rc=4
Feature publish failed topic=rfid/reader-1/epc/E280699500004001FAD8C993/features-rolling err=publish rc=4
Feature publish failed topic=rfid/reader-1/epc/E280699500004001FAD8C995/features-rolling err=publish rc=4
Feature publish failed topic=rfid/reader-1/epc/E280699500005001FAD8C997/features-rolling err=publish rc=4
Feature publish failed topic=rfid/reader-1/epc/E280699500004001FAD8C993/features-rolling err=publish rc=4
Feature publish failed topic=rfid/reader-1/epc/E280699500004001FAD8C995/features-rolling err=publish rc=4
Feature publish failed topic=rfid/reader-1/epc/E280699500005001FAD8C997/features-rolling err=publish rc=4
MQTT disconnected unexpectedly rc=7
Feature publish failed topic=rfid/reader-1/epc/E280699500004001FAD8C993/features-rolling err=publish rc=4
Feature publish failed topic=rfid/reader-1/epc/E280699500004001FAD8C995/features-rolling err=publish rc=4
Feature publish failed topic=rfid/reader-1/epc/E280699500005001FAD8C997/features-rolling err=publish rc=4
Feature publish failed topic=rfid/reader-1/epc/E280699500004001FAD8C993/features-rolling err=publish rc=4
Feature publish failed topic=rfid/reader-1/epc/E280699500004001FAD8C995/features-rolling err=publish rc=4
Feature publish failed topic=rfid/reader-1/epc/E280699500005001FAD8C997/features-rolling err=publish rc=4
Feature publish failed topic=rfid/reader-1/epc/E280699500004001FAD8C993/features-rolling err=publish rc=4
Feature publish failed topic=rfid/reader-1/epc/E280699500004001FAD8C995/features-rolling err=publish rc=4
Feature publish failed topic=rfid/reader-1/epc/E280699500005001FAD8C997/features-rolling err=publish rc=4
Feature publish failed topic=rfid/reader-1/epc/E280699500004001FAD8C993/features-rolling err=publish rc=4
Feature publish failed topic=rfid/reader-1/epc/E280699500004001FAD8C995/features-rolling err=publish rc=4
Feature publish failed topic=rfid/reader-1/epc/E280699500005001FAD8C997/features-rolling err=publish rc=4
MQTT disconnected unexpectedly rc=7
Feature publish failed topic=rfid/reader-1/epc/E280699500004001FAD8C993/features-rolling err=publish rc=4
Feature publish failed topic=rfid/reader-1/epc/E280699500004001FAD8C995/features-rolling err=publish rc=4
Feature publish failed topic=rfid/reader-1/epc/E280699500005001FAD8C997/features-rolling err=publish rc=4
Feature publish failed topic=rfid/reader-1/epc/E280699500004001FAD8C993/features-rolling err=publish rc=4
Feature publish failed topic=rfid/reader-1/epc/E280699500004001FAD8C995/features-rolling err=publish rc=4
Feature publish failed topic=rfid/reader-1/epc/E280699500005001FAD8C997/features-rolling err=publish rc=4
Feature publish failed topic=rfid/reader-1/epc/E280699500004001FAD8C993/features-rolling err=publish rc=4
Feature publish failed topic=rfid/reader-1/epc/E280699500004001FAD8C995/features-rolling err=publish rc=4
Feature publish failed topic=rfid/reader-1/epc/E280699500005001FAD8C997/features-rolling err=publish rc=4
Feature publish failed topic=rfid/reader-1/epc/E280699500004001FAD8C993/features-rolling err=publish rc=4
MQTT disconnected unexpectedly rc=7
Feature publish failed topic=rfid/reader-1/epc/E280699500004001FAD8C993/features-rolling err=publish rc=4
Feature publish failed topic=rfid/reader-1/epc/E280699500004001FAD8C995/features-rolling err=publish rc=4
Feature publish failed topic=rfid/reader-1/epc/E280699500005001FAD8C997/features-rolling err=publish rc=4
Feature publish failed topic=rfid/reader-1/epc/E280699500004001FAD8C993/features-rolling err=publish rc=4
Feature publish failed topic=rfid/reader-1/epc/E280699500004001FAD8C995/features-rolling err=publish rc=4
Feature publish failed topic=rfid/reader-1/epc/E280699500005001FAD8C997/features-rolling err=publish rc=4
Feature publish failed topic=rfid/reader-1/epc/E280699500004001FAD8C993/features-rolling err=publish rc=4
Feature publish failed topic=rfid/reader-1/epc/E280699500004001FAD8C995/features-rolling err=publish rc=4
Feature publish failed topic=rfid/reader-1/epc/E280699500005001FAD8C997/features-rolling err=publish rc=4
Feature publish failed topic=rfid/reader-1/epc/E280699500004001FAD8C993/features-rolling err=publish rc=4
Feature publish failed topic=rfid/reader-1/epc/E280699500004001FAD8C995/features-rolling err=publish rc=4
Feature publish failed topic=rfid/reader-1/epc/E280699500005001FAD8C997/features-rolling err=publish rc=4
MQTT disconnected unexpectedly rc=7
Feature publish failed topic=rfid/reader-1/epc/E280699500004001FAD8C993/features-rolling err=publish rc=4
Feature publish failed topic=rfid/reader-1/epc/E280699500004001FAD8C995/features-rolling err=publish rc=4
Feature publish failed topic=rfid/reader-1/epc/E280699500005001FAD8C997/features-rolling err=publish rc=4
Feature publish failed topic=rfid/reader-1/epc/E280699500004001FAD8C993/features-rolling err=publish rc=4
Feature publish failed topic=rfid/reader-1/epc/E280699500004001FAD8C995/features-rolling err=publish rc=4
Feature publish failed topic=rfid/reader-1/epc/E280699500005001FAD8C997/features-rolling err=publish rc=4
Feature publish failed topic=rfid/reader-1/epc/E280699500004001FAD8C993/features-rolling err=publish rc=4
Feature publish failed topic=rfid/reader-1/epc/E280699500004001FAD8C995/features-rolling err=publish rc=4
Feature publish failed topic=rfid/reader-1/epc/E280699500005001FAD8C997/features-rolling err=publish rc=4
Feature publish failed topic=rfid/reader-1/epc/E280699500004001FAD8C993/features-rolling err=publish rc=4
Feature publish failed topic=rfid/reader-1/epc/E280699500004001FAD8C995/features-rolling err=publish rc=4
Feature publish failed topic=rfid/reader-1/epc/E280699500005001FAD8C997/features-rolling err=publish rc=4
MQTT disconnected unexpectedly rc=7
Feature publish failed topic=rfid/reader-1/epc/E280699500004001FAD8C993/features-rolling err=publish rc=4
Feature publish failed topic=rfid/reader-1/epc/E280699500004001FAD8C995/features-rolling err=publish rc=4
Feature publish failed topic=rfid/reader-1/epc/E280699500005001FAD8C997/features-rolling err=publish rc=4
Feature publish failed topic=rfid/reader-1/epc/20251031A12025A100051172/features-rolling err=publish rc=4
Feature publish failed topic=rfid/reader-1/epc/E280699500004001FAD8C993/features-rolling err=publish rc=4
Feature publish failed topic=rfid/reader-1/epc/E280699500004001FAD8C995/features-rolling err=publish rc=4
Feature publish failed topic=rfid/reader-1/epc/E280699500005001FAD8C997/features-rolling err=publish rc=4
Feature publish failed topic=rfid/reader-1/epc/20251031A12025A100051172/features-rolling err=publish rc=4
Feature publish failed topic=rfid/reader-1/epc/E280699500004001FAD8C993/features-rolling err=publish rc=4
Feature publish failed topic=rfid/reader-1/epc/E280699500004001FAD8C995/features-rolling err=publish rc=4
Feature publish failed topic=rfid/reader-1/epc/E280699500005001FAD8C997/features-rolling err=publish rc=4
Feature publish failed topic=rfid/reader-1/epc/20251031A12025A100051172/features-rolling err=publish rc=4
Feature publish failed topic=rfid/reader-1/epc/E280699500004001FAD8C993/features-rolling err=publish rc=4
Feature publish failed topic=rfid/reader-1/epc/E280699500004001FAD8C995/features-rolling err=publish rc=4
Feature publish failed topic=rfid/reader-1/epc/E280699500005001FAD8C997/features-rolling err=publish rc=4
MQTT disconnected unexpectedly rc=7
Feature publish failed topic=rfid/reader-1/epc/E280699500004001FAD8C993/features-rolling err=publish rc=4
Feature publish failed topic=rfid/reader-1/epc/E280699500004001FAD8C995/features-rolling err=publish rc=4
Feature publish failed topic=rfid/reader-1/epc/E280699500005001FAD8C997/features-rolling err=publish rc=4
Feature publish failed topic=rfid/reader-1/epc/20251031A12025A100051172/features-rolling err=publish rc=4
Feature publish failed topic=rfid/reader-1/epc/E280699500004001FAD8C993/features-rolling err=publish rc=4
Feature publish failed topic=rfid/reader-1/epc/E280699500004001FAD8C995/features-rolling err=publish rc=4
Feature publish failed topic=rfid/reader-1/epc/E280699500005001FAD8C997/features-rolling err=publish rc=4
Feature publish failed topic=rfid/reader-1/epc/E280699500004001FAD8C993/features-rolling err=publish rc=4
Feature publish failed topic=rfid/reader-1/epc/E280699500004001FAD8C995/features-rolling err=publish rc=4
Feature publish failed topic=rfid/reader-1/epc/E280699500005001FAD8C997/features-rolling err=publish rc=4
Feature publish failed topic=rfid/reader-1/epc/E280699500004001FAD8C993/features-rolling err=publish rc=4
Feature publish failed topic=rfid/reader-1/epc/E280699500004001FAD8C995/features-rolling err=publish rc=4
Feature publish failed topic=rfid/reader-1/epc/E280699500005001FAD8C997/features-rolling err=publish rc=4
MQTT disconnected unexpectedly rc=7
Feature publish failed topic=rfid/reader-1/epc/E280699500004001FAD8C993/features-rolling err=publish rc=4
Feature publish failed topic=rfid/reader-1/epc/E280699500004001FAD8C995/features-rolling err=publish rc=4
Feature publish failed topic=rfid/reader-1/epc/E280699500005001FAD8C997/features-rolling err=publish rc=4
Feature publish failed topic=rfid/reader-1/epc/E280699500004001FAD8C993/features-rolling err=publish rc=4
Feature publish failed topic=rfid/reader-1/epc/E280699500004001FAD8C995/features-rolling err=publish rc=4
Feature publish failed topic=rfid/reader-1/epc/E280699500005001FAD8C997/features-rolling err=publish rc=4
Feature publish failed topic=rfid/reader-1/epc/E280699500004001FAD8C993/features-rolling err=publish rc=4
Feature publish failed topic=rfid/reader-1/epc/E280699500004001FAD8C995/features-rolling err=publish rc=4
Feature publish failed topic=rfid/reader-1/epc/E280699500005001FAD8C997/features-rolling err=publish rc=4
Feature publish failed topic=rfid/reader-1/epc/E280699500004001FAD8C993/features-rolling err=publish rc=4
Feature publish failed topic=rfid/reader-1/epc/E280699500004001FAD8C995/features-rolling err=publish rc=4
Feature publish failed topic=rfid/reader-1/epc/E280699500005001FAD8C997/features-rolling err=publish rc=4
MQTT disconnected unexpectedly rc=7
Feature publish failed topic=rfid/reader-1/epc/E280699500004001FAD8C993/features-rolling err=publish rc=4
Feature publish failed topic=rfid/reader-1/epc/E280699500004001FAD8C995/features-rolling err=publish rc=4
Feature publish failed topic=rfid/reader-1/epc/E280699500005001FAD8C997/features-rolling err=publish rc=4
Feature publish failed topic=rfid/reader-1/epc/30342D7994569B4000000014/features-rolling err=publish rc=4
Feature publish failed topic=rfid/reader-1/epc/E280699500004001FAD8C993/features-rolling err=publish rc=4
Feature publish failed topic=rfid/reader-1/epc/E280699500004001FAD8C995/features-rolling err=publish rc=4
Feature publish failed topic=rfid/reader-1/epc/E280699500005001FAD8C997/features-rolling err=publish rc=4
Feature publish failed topic=rfid/reader-1/epc/30342D7994569B4000000014/features-rolling err=publish rc=4
Feature publish failed topic=rfid/reader-1/epc/E280699500004001FAD8C993/features-rolling err=publish rc=4
Feature publish failed topic=rfid/reader-1/epc/E280699500004001FAD8C995/features-rolling err=publish rc=4
Feature publish failed topic=rfid/reader-1/epc/E280699500005001FAD8C997/features-rolling err=publish rc=4
Feature publish failed topic=rfid/reader-1/epc/30342D7994569B4000000014/features-rolling err=publish rc=4
Feature publish failed topic=rfid/reader-1/epc/E280699500004001FAD8C993/features-rolling err=publish rc=4
Feature publish failed topic=rfid/reader-1/epc/E280699500004001FAD8C995/features-rolling err=publish rc=4
Feature publish failed topic=rfid/reader-1/epc/E280699500005001FAD8C997/features-rolling err=publish rc=4
MQTT disconnected unexpectedly rc=7
Feature publish failed topic=rfid/reader-1/epc/E280699500004001FAD8C993/features-rolling err=publish rc=4
Feature publish failed topic=rfid/reader-1/epc/E280699500004001FAD8C995/features-rolling err=publish rc=4
Feature publish failed topic=rfid/reader-1/epc/E280699500005001FAD8C997/features-rolling err=publish rc=4
Feature publish failed topic=rfid/reader-1/epc/E280699500004001FAD8C993/features-rolling err=publish rc=4
Feature publish failed topic=rfid/reader-1/epc/E280699500004001FAD8C995/features-rolling err=publish rc=4
Feature publish failed topic=rfid/reader-1/epc/E280699500005001FAD8C997/features-rolling err=publish rc=4
Feature publish failed topic=rfid/reader-1/epc/E280699500004001FAD8C993/features-rolling err=publish rc=4
Feature publish failed topic=rfid/reader-1/epc/E280699500004001FAD8C995/features-rolling err=publish rc=4
Feature publish failed topic=rfid/reader-1/epc/E280699500005001FAD8C997/features-rolling err=publish rc=4
Feature publish failed topic=rfid/reader-1/epc/E280699500004001FAD8C993/features-rolling err=publish rc=4
Feature publish failed topic=rfid/reader-1/epc/E280699500004001FAD8C995/features-rolling err=publish rc=4
Feature publish failed topic=rfid/reader-1/epc/E280699500005001FAD8C997/features-rolling err=publish rc=4
MQTT disconnected unexpectedly rc=7
Feature publish failed topic=rfid/reader-1/epc/E280699500004001FAD8C993/features-rolling err=publish rc=4
Feature publish failed topic=rfid/reader-1/epc/E280699500004001FAD8C995/features-rolling err=publish rc=4
Feature publish failed topic=rfid/reader-1/epc/E280699500005001FAD8C997/features-rolling err=publish rc=4
Feature publish failed topic=rfid/reader-1/epc/20251031A12025A100051172/features-rolling err=publish rc=4
Feature publish failed topic=rfid/reader-1/epc/E280699500004001FAD8C993/features-rolling err=publish rc=4
Feature publish failed topic=rfid/reader-1/epc/E280699500004001FAD8C995/features-rolling err=publish rc=4
Feature publish failed topic=rfid/reader-1/epc/E280699500005001FAD8C997/features-rolling err=publish rc=4
Feature publish failed topic=rfid/reader-1/epc/E280699500004001FAD8C993/features-rolling err=publish rc=4
Feature publish failed topic=rfid/reader-1/epc/E280699500004001FAD8C995/features-rolling err=publish rc=4
Feature publish failed topic=rfid/reader-1/epc/E280699500005001FAD8C997/features-rolling err=publish rc=4
Feature publish failed topic=rfid/reader-1/epc/E280699500004001FAD8C993/features-rolling err=publish rc=4
Feature publish failed topic=rfid/reader-1/epc/E280699500004001FAD8C995/features-rolling err=publish rc=4
Feature publish failed topic=rfid/reader-1/epc/E280699500005001FAD8C997/features-rolling err=publish rc=4
MQTT disconnected unexpectedly rc=7
Feature publish failed topic=rfid/reader-1/epc/E280699500004001FAD8C993/features-rolling err=publish rc=4
Feature publish failed topic=rfid/reader-1/epc/E280699500004001FAD8C995/features-rolling err=publish rc=4
Feature publish failed topic=rfid/reader-1/epc/E280699500005001FAD8C997/features-rolling err=publish rc=4
Feature publish failed topic=rfid/reader-1/epc/E280699500004001FAD8C993/features-rolling err=publish rc=4
Feature publish failed topic=rfid/reader-1/epc/E280699500004001FAD8C995/features-rolling err=publish rc=4
Feature publish failed topic=rfid/reader-1/epc/E280699500005001FAD8C997/features-rolling err=publish rc=4
Feature publish failed topic=rfid/reader-1/epc/E280699500004001FAD8C993/features-rolling err=publish rc=4
Feature publish failed topic=rfid/reader-1/epc/E280699500004001FAD8C995/features-rolling err=publish rc=4
Feature publish failed topic=rfid/reader-1/epc/E280699500005001FAD8C997/features-rolling err=publish rc=4
Feature publish failed topic=rfid/reader-1/epc/E280699500004001FAD8C993/features-rolling err=publish rc=4
Feature publish failed topic=rfid/reader-1/epc/E280699500004001FAD8C995/features-rolling err=publish rc=4
Feature publish failed topic=rfid/reader-1/epc/E280699500005001FAD8C997/features-rolling err=publish rc=4
MQTT disconnected unexpectedly rc=7
Feature publish failed topic=rfid/reader-1/epc/E280699500004001FAD8C993/features-rolling err=publish rc=4
Feature publish failed topic=rfid/reader-1/epc/E280699500004001FAD8C995/features-rolling err=publish rc=4
Feature publish failed topic=rfid/reader-1/epc/E280699500005001FAD8C997/features-rolling err=publish rc=4
Feature publish failed topic=rfid/reader-1/epc/E280699500004001FAD8C993/features-rolling err=publish rc=4
Feature publish failed topic=rfid/reader-1/epc/E280699500004001FAD8C995/features-rolling err=publish rc=4
Feature publish failed topic=rfid/reader-1/epc/E280699500005001FAD8C997/features-rolling err=publish rc=4
Feature publish failed topic=rfid/reader-1/epc/E280699500004001FAD8C993/features-rolling err=publish rc=4
Feature publish failed topic=rfid/reader-1/epc/E280699500004001FAD8C995/features-rolling err=publish rc=4
Feature publish failed topic=rfid/reader-1/epc/E280699500005001FAD8C997/features-rolling err=publish rc=4
Feature publish failed topic=rfid/reader-1/epc/E280699500004001FAD8C993/features-rolling err=publish rc=4
Feature publish failed topic=rfid/reader-1/epc/E280699500004001FAD8C995/features-rolling err=publish rc=4
Feature publish failed topic=rfid/reader-1/epc/E280699500005001FAD8C997/features-rolling err=publish rc=4
MQTT disconnected unexpectedly rc=7
Feature publish failed topic=rfid/reader-1/epc/E280699500004001FAD8C993/features-rolling err=publish rc=4
Feature publish failed topic=rfid/reader-1/epc/E280699500004001FAD8C995/features-rolling err=publish rc=4
Feature publish failed topic=rfid/reader-1/epc/E280699500005001FAD8C997/features-rolling err=publish rc=4
Feature publish failed topic=rfid/reader-1/epc/E280699500004001FAD8C993/features-rolling err=publish rc=4
Feature publish failed topic=rfid/reader-1/epc/E280699500004001FAD8C995/features-rolling err=publish rc=4
Feature publish failed topic=rfid/reader-1/epc/E280699500005001FAD8C997/features-rolling err=publish rc=4
Feature publish failed topic=rfid/reader-1/epc/E280699500004001FAD8C993/features-rolling err=publish rc=4
Feature publish failed topic=rfid/reader-1/epc/E280699500004001FAD8C995/features-rolling err=publish rc=4
Feature publish failed topic=rfid/reader-1/epc/E280699500005001FAD8C997/features-rolling err=publish rc=4
Feature publish failed topic=rfid/reader-1/epc/E280699500004001FAD8C993/features-rolling err=publish rc=4
Feature publish failed topic=rfid/reader-1/epc/E280699500004001FAD8C995/features-rolling err=publish rc=4
Feature publish failed topic=rfid/reader-1/epc/E280699500005001FAD8C997/features-rolling err=publish rc=4
MQTT disconnected unexpectedly rc=7
Feature publish failed topic=rfid/reader-1/epc/E280699500004001FAD8C993/features-rolling err=publish rc=4
Feature publish failed topic=rfid/reader-1/epc/E280699500004001FAD8C995/features-rolling err=publish rc=4
Feature publish failed topic=rfid/reader-1/epc/E280699500005001FAD8C997/features-rolling err=publish rc=4
Feature publish failed topic=rfid/reader-1/epc/E280699500004001FAD8C993/features-rolling err=publish rc=4
Feature publish failed topic=rfid/reader-1/epc/E280699500004001FAD8C995/features-rolling err=publish rc=4
Feature publish failed topic=rfid/reader-1/epc/E280699500005001FAD8C997/features-rolling err=publish rc=4
Feature publish failed topic=rfid/reader-1/epc/E280699500004001FAD8C993/features-rolling err=publish rc=4
Feature publish failed topic=rfid/reader-1/epc/E280699500004001FAD8C995/features-rolling err=publish rc=4
Feature publish failed topic=rfid/reader-1/epc/E280699500005001FAD8C997/features-rolling err=publish rc=4
Feature publish failed topic=rfid/reader-1/epc/E280699500004001FAD8C993/features-rolling err=publish rc=4
MQTT disconnected unexpectedly rc=7
Feature publish failed topic=rfid/reader-1/epc/E280699500004001FAD8C993/features-rolling err=publish rc=4
Feature publish failed topic=rfid/reader-1/epc/E280699500004001FAD8C995/features-rolling err=publish rc=4
Feature publish failed topic=rfid/reader-1/epc/E280699500005001FAD8C997/features-rolling err=publish rc=4
Feature publish failed topic=rfid/reader-1/epc/30342D7994569B4000000014/features-rolling err=publish rc=4
Feature publish failed topic=rfid/reader-1/epc/20251031A12025A100051172/features-rolling err=publish rc=4
Feature publish failed topic=rfid/reader-1/epc/E280699500004001FAD8C993/features-rolling err=publish rc=4
Feature publish failed topic=rfid/reader-1/epc/E280699500004001FAD8C995/features-rolling err=publish rc=4
Feature publish failed topic=rfid/reader-1/epc/E280699500005001FAD8C997/features-rolling err=publish rc=4
Feature publish failed topic=rfid/reader-1/epc/30342D7994569B4000000014/features-rolling err=publish rc=4
Feature publish failed topic=rfid/reader-1/epc/20251031A12025A100051172/features-rolling err=publish rc=4
Feature publish failed topic=rfid/reader-1/epc/E280699500004001FAD8C993/features-rolling err=publish rc=4
Feature publish failed topic=rfid/reader-1/epc/E280699500004001FAD8C995/features-rolling err=publish rc=4
Feature publish failed topic=rfid/reader-1/epc/E280699500005001FAD8C997/features-rolling err=publish rc=4
Feature publish failed topic=rfid/reader-1/epc/E280699500004001FAD8C993/features-rolling err=publish rc=4
Feature publish failed topic=rfid/reader-1/epc/E280699500004001FAD8C995/features-rolling err=publish rc=4
Feature publish failed topic=rfid/reader-1/epc/E280699500005001FAD8C997/features-rolling err=publish rc=4
MQTT disconnected unexpectedly rc=7
Feature publish failed topic=rfid/reader-1/epc/E280699500004001FAD8C993/features-rolling err=publish rc=4
Feature publish failed topic=rfid/reader-1/epc/E280699500004001FAD8C995/features-rolling err=publish rc=4
Feature publish failed topic=rfid/reader-1/epc/E280699500005001FAD8C997/features-rolling err=publish rc=4
Feature publish failed topic=rfid/reader-1/epc/E280699500004001FAD8C993/features-rolling err=publish rc=4
Feature publish failed topic=rfid/reader-1/epc/E280699500004001FAD8C995/features-rolling err=publish rc=4
Feature publish failed topic=rfid/reader-1/epc/E280699500005001FAD8C997/features-rolling err=publish rc=4
Feature publish failed topic=rfid/reader-1/epc/E280699500004001FAD8C993/features-rolling err=publish rc=4
Feature publish failed topic=rfid/reader-1/epc/E280699500004001FAD8C995/features-rolling err=publish rc=4
Feature publish failed topic=rfid/reader-1/epc/E280699500005001FAD8C997/features-rolling err=publish rc=4
Feature publish failed topic=rfid/reader-1/epc/E280699500004001FAD8C993/features-rolling err=publish rc=4
Feature publish failed topic=rfid/reader-1/epc/E280699500004001FAD8C995/features-rolling err=publish rc=4
Feature publish failed topic=rfid/reader-1/epc/E280699500005001FAD8C997/features-rolling err=publish rc=4
MQTT disconnected unexpectedly rc=7
Feature publish failed topic=rfid/reader-1/epc/E280699500004001FAD8C993/features-rolling err=publish rc=4
Feature publish failed topic=rfid/reader-1/epc/E280699500004001FAD8C995/features-rolling err=publish rc=4
Feature publish failed topic=rfid/reader-1/epc/E280699500005001FAD8C997/features-rolling err=publish rc=4
Feature publish failed topic=rfid/reader-1/epc/E280699500004001FAD8C993/features-rolling err=publish rc=4
Feature publish failed topic=rfid/reader-1/epc/E280699500004001FAD8C995/features-rolling err=publish rc=4
Feature publish failed topic=rfid/reader-1/epc/E280699500005001FAD8C997/features-rolling err=publish rc=4
Feature publish failed topic=rfid/reader-1/epc/E280699500004001FAD8C993/features-rolling err=publish rc=4
Feature publish failed topic=rfid/reader-1/epc/E280699500004001FAD8C995/features-rolling err=publish rc=4
Feature publish failed topic=rfid/reader-1/epc/E280699500005001FAD8C997/features-rolling err=publish rc=4
Feature publish failed topic=rfid/reader-1/epc/E280699500004001FAD8C993/features-rolling err=publish rc=4
Feature publish failed topic=rfid/reader-1/epc/E280699500004001FAD8C995/features-rolling err=publish rc=4
Feature publish failed topic=rfid/reader-1/epc/E280699500005001FAD8C997/features-rolling err=publish rc=4
MQTT disconnected unexpectedly rc=7
Feature publish failed topic=rfid/reader-1/epc/E280699500004001FAD8C993/features-rolling err=publish rc=4
Feature publish failed topic=rfid/reader-1/epc/E280699500004001FAD8C995/features-rolling err=publish rc=4
Feature publish failed topic=rfid/reader-1/epc/E280699500005001FAD8C997/features-rolling err=publish rc=4
Feature publish failed topic=rfid/reader-1/epc/20251031A12025A100051172/features-rolling err=publish rc=4
Feature publish failed topic=rfid/reader-1/epc/E280699500004001FAD8C993/features-rolling err=publish rc=4
Feature publish failed topic=rfid/reader-1/epc/E280699500004001FAD8C995/features-rolling err=publish rc=4
Feature publish failed topic=rfid/reader-1/epc/E280699500005001FAD8C997/features-rolling err=publish rc=4
Feature publish failed topic=rfid/reader-1/epc/20251031A12025A100051172/features-rolling err=publish rc=4
Feature publish failed topic=rfid/reader-1/epc/E280699500004001FAD8C993/features-rolling err=publish rc=4
Feature publish failed topic=rfid/reader-1/epc/E280699500004001FAD8C995/features-rolling err=publish rc=4
Feature publish failed topic=rfid/reader-1/epc/E280699500005001FAD8C997/features-rolling err=publish rc=4
Feature publish failed topic=rfid/reader-1/epc/E280699500004001FAD8C993/features-rolling err=publish rc=4
Feature publish failed topic=rfid/reader-1/epc/E280699500004001FAD8C995/features-rolling err=publish rc=4
MQTT disconnected unexpectedly rc=7
Feature publish failed topic=rfid/reader-1/epc/E280699500004001FAD8C993/features-rolling err=publish rc=4
Feature publish failed topic=rfid/reader-1/epc/E280699500004001FAD8C995/features-rolling err=publish rc=4
Feature publish failed topic=rfid/reader-1/epc/E280699500005001FAD8C997/features-rolling err=publish rc=4
Feature publish failed topic=rfid/reader-1/epc/E280699500004001FAD8C993/features-rolling err=publish rc=4
Feature publish failed topic=rfid/reader-1/epc/E280699500004001FAD8C995/features-rolling err=publish rc=4
Feature publish failed topic=rfid/reader-1/epc/E280699500005001FAD8C997/features-rolling err=publish rc=4
Feature publish failed topic=rfid/reader-1/epc/E280699500004001FAD8C993/features-rolling err=publish rc=4
Feature publish failed topic=rfid/reader-1/epc/E280699500004001FAD8C995/features-rolling err=publish rc=4
Feature publish failed topic=rfid/reader-1/epc/E280699500005001FAD8C997/features-rolling err=publish rc=4
Feature publish failed topic=rfid/reader-1/epc/E280699500004001FAD8C993/features-rolling err=publish rc=4
Feature publish failed topic=rfid/reader-1/epc/E280699500004001FAD8C995/features-rolling err=publish rc=4
Feature publish failed topic=rfid/reader-1/epc/E280699500005001FAD8C997/features-rolling err=publish rc=4
Connected MQTT tcp://127.0.0.1:1883 and subscribed rfid/+/antenna/+/raw-read
Connected MQTT tcp://127.0.0.1:1883 and subscribed rfid/+/antenna/+/raw-read
Connected MQTT tcp://127.0.0.1:1883 and subscribed rfid/+/antenna/+/raw-read
stats events_in=542 valid=542 invalid=0 ignored_antenna=0 features_out=27 publish_errors=27 active_keys=3
Connected MQTT tcp://127.0.0.1:1883 and subscribed rfid/+/antenna/+/raw-read
Connected MQTT tcp://127.0.0.1:1883 and subscribed rfid/+/antenna/+/raw-read
Connected MQTT tcp://127.0.0.1:1883 and subscribed rfid/+/antenna/+/raw-read
stats events_in=966 valid=966 invalid=0 ignored_antenna=0 features_out=48 publish_errors=61 active_keys=4
Connected MQTT tcp://127.0.0.1:1883 and subscribed rfid/+/antenna/+/raw-read
Connected MQTT tcp://127.0.0.1:1883 and subscribed rfid/+/antenna/+/raw-read
stats events_in=1599 valid=1599 invalid=0 ignored_antenna=0 features_out=77 publish_errors=95 active_keys=5
Connected MQTT tcp://127.0.0.1:1883 and subscribed rfid/+/antenna/+/raw-read
Connected MQTT tcp://127.0.0.1:1883 and subscribed rfid/+/antenna/+/raw-read
Connected MQTT tcp://127.0.0.1:1883 and subscribed rfid/+/antenna/+/raw-read
stats events_in=1933 valid=1933 invalid=0 ignored_antenna=0 features_out=98 publish_errors=128 active_keys=3
Connected MQTT tcp://127.0.0.1:1883 and subscribed rfid/+/antenna/+/raw-read
Connected MQTT tcp://127.0.0.1:1883 and subscribed rfid/+/antenna/+/raw-read
stats events_in=2447 valid=2447 invalid=0 ignored_antenna=0 features_out=131 publish_errors=155 active_keys=3
Connected MQTT tcp://127.0.0.1:1883 and subscribed rfid/+/antenna/+/raw-read
Connected MQTT tcp://127.0.0.1:1883 and subscribed rfid/+/antenna/+/raw-read
Connected MQTT tcp://127.0.0.1:1883 and subscribed rfid/+/antenna/+/raw-read
stats events_in=2830 valid=2830 invalid=0 ignored_antenna=0 features_out=155 publish_errors=188 active_keys=3
Connected MQTT tcp://127.0.0.1:1883 and subscribed rfid/+/antenna/+/raw-read
Connected MQTT tcp://127.0.0.1:1883 and subscribed rfid/+/antenna/+/raw-read
stats events_in=3447 valid=3447 invalid=0 ignored_antenna=0 features_out=188 publish_errors=219 active_keys=4
Connected MQTT tcp://127.0.0.1:1883 and subscribed rfid/+/antenna/+/raw-read
Connected MQTT tcp://127.0.0.1:1883 and subscribed rfid/+/antenna/+/raw-read
Connected MQTT tcp://127.0.0.1:1883 and subscribed rfid/+/antenna/+/raw-read
stats events_in=3893 valid=3893 invalid=0 ignored_antenna=0 features_out=215 publish_errors=256 active_keys=4
Connected MQTT tcp://127.0.0.1:1883 and subscribed rfid/+/antenna/+/raw-read
Connected MQTT tcp://127.0.0.1:1883 and subscribed rfid/+/antenna/+/raw-read
stats events_in=4408 valid=4408 invalid=0 ignored_antenna=0 features_out=248 publish_errors=283 active_keys=3
Connected MQTT tcp://127.0.0.1:1883 and subscribed rfid/+/antenna/+/raw-read
Connected MQTT tcp://127.0.0.1:1883 and subscribed rfid/+/antenna/+/raw-read
Connected MQTT tcp://127.0.0.1:1883 and subscribed rfid/+/antenna/+/raw-read
stats events_in=4771 valid=4771 invalid=0 ignored_antenna=0 features_out=275 publish_errors=316 active_keys=3
Connected MQTT tcp://127.0.0.1:1883 and subscribed rfid/+/antenna/+/raw-read
Connected MQTT tcp://127.0.0.1:1883 and subscribed rfid/+/antenna/+/raw-read
stats events_in=5286 valid=5286 invalid=0 ignored_antenna=0 features_out=309 publish_errors=344 active_keys=4
Connected MQTT tcp://127.0.0.1:1883 and subscribed rfid/+/antenna/+/raw-read
Connected MQTT tcp://127.0.0.1:1883 and subscribed rfid/+/antenna/+/raw-read
Connected MQTT tcp://127.0.0.1:1883 and subscribed rfid/+/antenna/+/raw-read
stats events_in=5734 valid=5734 invalid=0 ignored_antenna=0 features_out=336 publish_errors=377 active_keys=3
Connected MQTT tcp://127.0.0.1:1883 and subscribed rfid/+/antenna/+/raw-read
Connected MQTT tcp://127.0.0.1:1883 and subscribed rfid/+/antenna/+/raw-read
stats events_in=6187 valid=6187 invalid=0 ignored_antenna=0 features_out=369 publish_errors=402 active_keys=3
Connected MQTT tcp://127.0.0.1:1883 and subscribed rfid/+/antenna/+/raw-read
Connected MQTT tcp://127.0.0.1:1883 and subscribed rfid/+/antenna/+/raw-read
Connected MQTT tcp://127.0.0.1:1883 and subscribed rfid/+/antenna/+/raw-read
stats events_in=6611 valid=6611 invalid=0 ignored_antenna=0 features_out=401 publish_errors=439 active_keys=4
Connected MQTT tcp://127.0.0.1:1883 and subscribed rfid/+/antenna/+/raw-read
Connected MQTT tcp://127.0.0.1:1883 and subscribed rfid/+/antenna/+/raw-read
stats events_in=7208 valid=7208 invalid=0 ignored_antenna=0 features_out=435 publish_errors=469 active_keys=4
Connected MQTT tcp://127.0.0.1:1883 and subscribed rfid/+/antenna/+/raw-read
Connected MQTT tcp://127.0.0.1:1883 and subscribed rfid/+/antenna/+/raw-read
Connected MQTT tcp://127.0.0.1:1883 and subscribed rfid/+/antenna/+/raw-read
stats events_in=7629 valid=7629 invalid=0 ignored_antenna=0 features_out=465 publish_errors=503 active_keys=4
Connected MQTT tcp://127.0.0.1:1883 and subscribed rfid/+/antenna/+/raw-read
Connected MQTT tcp://127.0.0.1:1883 and subscribed rfid/+/antenna/+/raw-read
stats events_in=8176 valid=8176 invalid=0 ignored_antenna=0 features_out=494 publish_errors=530 active_keys=3
Connected MQTT tcp://127.0.0.1:1883 and subscribed rfid/+/antenna/+/raw-read
Connected MQTT tcp://127.0.0.1:1883 and subscribed rfid/+/antenna/+/raw-read
Connected MQTT tcp://127.0.0.1:1883 and subscribed rfid/+/antenna/+/raw-read
stats events_in=8574 valid=8574 invalid=0 ignored_antenna=0 features_out=526 publish_errors=565 active_keys=5
Connected MQTT tcp://127.0.0.1:1883 and subscribed rfid/+/antenna/+/raw-read
Connected MQTT tcp://127.0.0.1:1883 and subscribed rfid/+/antenna/+/raw-read
stats events_in=9144 valid=9144 invalid=0 ignored_antenna=0 features_out=562 publish_errors=593 active_keys=4
Connected MQTT tcp://127.0.0.1:1883 and subscribed rfid/+/antenna/+/raw-read
